<?xml version="1.0" encoding="UTF-8"?>

<gmi:MI_Metadata xmlns:gco="http://www.isotc211.org/2005/gco" xmlns:gmd="http://www.isotc211.org/2005/gmd" xmlns:gmi="http://www.isotc211.org/2005/gmi" xmlns:gml="http://www.opengis.net/gml/3.2" xmlns:gmx="http://www.isotc211.org/2005/gmx" xmlns:xlink="http://www.w3.org/1999/xlink" xmlns:xsi="http://www.w3.org/2001/XMLSchema-instance" xsi:schemaLocation="http://www.isotc211.org/2005/gmi">
    <srv:SV_ServiceIdentification xmlns:srv="http://www.isotc211.org/2005/srv" xsi:schemaLocation="http://www.isotc211.org/2005/gmi https://www.ngdc.noaa.gov/metadata/published/xsd/schema.xsd" uuid="288b6a95-31a0-4048-9f18-0148c4c63867">
        <gmd:citation>
            <gmd:CI_Citation>
                <gmd:title>
                    <gco:CharacterString>Multibeam Bathymetric Surveys ArcGIS Map Service</gco:CharacterString>
                </gmd:title>
                <gmd:alternateTitle>
                    <gco:CharacterString>Alternate Title for Testing</gco:CharacterString>
                </gmd:alternateTitle>
                <gmd:date>
                    <gco:Date>2012-01-01</gco:Date>
                </gmd:date>
                <gmd:dateType>
                    <gmd:CI_DateTypeCode codeList="https://www.ngdc.noaa.gov/metadata/published/xsd/schema/resources/Codelist/gmxCodelists.xml#CI_DateTypeCode" codeListValue="creation">creation</gmd:CI_DateTypeCode>
                </gmd:dateType>
                <gmd:citedResponsibleParty>
                    <gmd:CI_ResponsibleParty>
                        <gmd:individualName>
                            <gco:CharacterString>[POINT OF CONTACT INDIVIDUAL NAME]</gco:CharacterString>
                        </gmd:individualName>
                        <gmd:organisationName>
                            <gco:CharacterString>[POINT OF CONTACT ORGANIZATION NAME]</gco:CharacterString>
                        </gmd:organisationName>
                        <gmd:role>
                            <gmd:CI_RoleCode codeList="https://www.ngdc.noaa.gov/metadata/published/xsd/schema/resources/Codelist/gmxCodelists.xml#CI_RoleCode" codeListValue="pointOfContact">pointOfContact</gmd:CI_RoleCode>
                        </gmd:role>
                    </gmd:CI_ResponsibleParty>
                </gmd:citedResponsibleParty>
            </gmd:CI_Citation>
        </gmd:citation>
        <gmd:abstract>
            <gco:CharacterString>
                NOAA's National Centers for Environmental Information (NCEI) is the U.S. national archive for multibeam bathymetric data and presently holds over 2400 surveys received from sources worldwide, including the U.S. academic fleet via the Rolling Deck to Repository (R2R) program. In addition to deep-water data, the multibeam database also includes hydrographic multibeam survey data from the National Ocean Service (NOS). This map service shows navigation for multibeam bathymetric surveys in NCEI's archive. Older surveys are colored orange, and more recent recent surveys are green.
            </gco:CharacterString>
        </gmd:abstract>
        <srv:extent>
            <gmd:EX_Extent id="boundingExtent">
                <gmd:description>
                    <gco:CharacterString>[BRIEF DESCRIPTION OF EXTENT]</gco:CharacterString>
                </gmd:description>
                <gmd:geographicElement>
                    <gmd:EX_GeographicBoundingBox>
                        <gmd:extentTypeCodes>
                            <gco:Boolean>1</gco:Boolean>
                        </gmd:extentTypeCodes>
                        <gmd:westBoundLongitude>
                            <gco:Decimal>-180</gco:Decimal>
                        </gmd:westBoundLongitude>
                        <gmd:eastBoundLongitude>
                            <gco:Decimal>180</gco:Decimal>
                        </gmd:eastBoundLongitude>
                        <gmd:southBoundLatitude>
                            <gco:Decimal>-90</gco:Decimal>
                        </gmd:southBoundLatitude>
                        <gmd:northBoundLatitude>
                            <gco:Decimal>90</gco:Decimal>
                        </gmd:northBoundLatitude>
                    </gmd:EX_GeographicBoundingBox>
                </gmd:geographicElement>
                <gmd:temporalElement>
                    <gmd:EX_TemporalExtent id="boundingTemporalExtent">
                        <gmd:extent>
                            <gml:TimePeriod gml:id="ID072">
                                <gml:beginPosition>9999-01-01</gml:beginPosition>
                                <gml:endPosition>9999-01-01</gml:endPosition>
                                <!-- timeInterval or duration are OPTIONAL for time resolution -->
                                <gml:timeInterval unit="day">99</gml:timeInterval>
                                <!--<gml:duration>P99D</gml:duration>-->
                            </gml:TimePeriod>
                        </gmd:extent>
                    </gmd:EX_TemporalExtent>
                </gmd:temporalElement>
            </gmd:EX_Extent>
        </srv:extent>
        <gmd:pointOfContact>
            <gmd:CI_ResponsibleParty>
                <gmd:individualName>
                    <gco:CharacterString>[AT LEAST ONE OF ORGANISATION, INDIVIDUAL OR POSITION]</gco:CharacterString>
                </gmd:individualName>
                <gmd:organisationName>
                    <gco:CharacterString>[AT LEAST ONE OF ORGANISATION, INDIVIDUAL OR POSITION]</gco:CharacterString>
                </gmd:organisationName>
                <gmd:positionName>
                    <gco:CharacterString>[AT LEAST ONE OF ORGANISATION, INDIVIDUAL OR POSITION]</gco:CharacterString>
                </gmd:positionName>
                <gmd:contactInfo>
                    <gmd:CI_Contact>
                        <gmd:address>
                            <gmd:CI_Address>
                                <gmd:electronicMailAddress>
                                    <gco:CharacterString>TEMPLATE@EMAIL.GOV</gco:CharacterString>
                                </gmd:electronicMailAddress>
                            </gmd:CI_Address>
                        </gmd:address>
                    </gmd:CI_Contact>
                </gmd:contactInfo>
                <gmd:role>
                    <gmd:CI_RoleCode codeList="https://www.ngdc.noaa.gov/metadata/published/xsd/schema/resources/Codelist/gmxCodelists.xml#CI_RoleCode" codeListValue="pointOfContact">pointOfContact</gmd:CI_RoleCode>
                </gmd:role>
            </gmd:CI_ResponsibleParty>
        </gmd:pointOfContact>
        <srv:containsOperations>
            <srv:SV_OperationMetadata>
                <srv:connectPoint>
                    <gmd:CI_OnlineResource>
                        <gmd:linkage>
                            <gmd:URL>https://maps.ngdc.noaa.gov/arcgis/rest/services/web_mercator/multibeam/MapServer</gmd:URL>
                        </gmd:linkage>
                        <gmd:protocol>
                            <gco:CharacterString>http</gco:CharacterString>
                        </gmd:protocol>
                        <gmd:applicationProfile>
                            <gco:CharacterString>https://www.geoplatform.gov/spec/esri-map-rest</gco:CharacterString>
                        </gmd:applicationProfile>
                        <gmd:name>
                            <gco:CharacterString>Multibeam Bathymetric Surveys ArcGIS Cached Map Service</gco:CharacterString>
                        </gmd:name>
                        <gmd:description>
                            <gco:CharacterString>
                                Capabilities document for Open Geospatial Consortium Web Map Service for Multibeam Bathymetric Surveys
                            </gco:CharacterString>
                        </gmd:description>
                        <gmd:function>
                            <gmd:CI_OnLineFunctionCode codeList="https://www.ngdc.noaa.gov/metadata/published/xsd/schema/resources/Codelist/gmxCodelists.xml#CI_OnLineFunctionCode" codeListValue="search">search</gmd:CI_OnLineFunctionCode>
                        </gmd:function>
                    </gmd:CI_OnlineResource>
                </srv:connectPoint>
            </srv:SV_OperationMetadata>
        </srv:containsOperations>
        <srv:containsOperations>
            <srv:SV_OperationMetadata>
                <srv:connectPoint>
                    <gmd:CI_OnlineResource>
                        <gmd:linkage>
                            <gmd:URL>https://maps.ngdc.noaa.gov/arcgis/services/web_mercator/multibeam_dynamic/MapServer/WMSServer?request=GetCapabilities&amp;service=WMS</gmd:URL>
                        </gmd:linkage>
                        <gmd:protocol>
                            <gco:CharacterString>http</gco:CharacterString>
                        </gmd:protocol>
                        <gmd:applicationProfile>
                            <gco:CharacterString>http://opengis.net/spec/wms</gco:CharacterString>
                        </gmd:applicationProfile>
                        <gmd:name>
                            <gco:CharacterString>Multibeam Bathymetric Surveys Web Map Service (WMS)</gco:CharacterString>
                        </gmd:name>
                        <gmd:description>
                            <gco:CharacterString>
                                The Multibeam Bathymetric Surveys ArcGIS cached map service provides rapid display of ship tracks from global scales down to zoom level 9 (approx. 1:1,200,000 scale).
                            </gco:CharacterString>
                        </gmd:description>
                        <gmd:function>
                            <gmd:CI_OnLineFunctionCode codeList="https://www.ngdc.noaa.gov/metadata/published/xsd/schema/resources/Codelist/gmxCodelists.xml#CI_OnLineFunctionCode" codeListValue="search">search</gmd:CI_OnLineFunctionCode>
                        </gmd:function>
                    </gmd:CI_OnlineResource>
                </srv:connectPoint>
            </srv:SV_OperationMetadata>
        </srv:containsOperations>
    </srv:SV_ServiceIdentification>
</gmi:MI_Metadata>